[Main] [INFO] Инициализация Jail
[Main] [INFO] Обед выбран
[Main] [INFO] Отобразилось название тюрьмы
[Main] [INFO] Успешно перешел в камеру номер: 2
[Main] [INFO] Успешно вышел на улицу
[Main] [INFO] Игра в баскетбол началась
[Main] [INFO] Инициализация Jail
[Main] [INFO] Отображаемая информация о заключенном
[Main] [INFO] Инициализация Jail
[Main] [INFO] Отображаемая информация о заключенном
[Main] [INFO] Обед выбран
[Main] [INFO] Успешно перешел в камеру номер: 3
[Main] [INFO] Отобразилось название тюрьмы
[Main] [INFO] Вышел в туалет
[Main] [INFO] Выбрано количество человек в камере: 34
[Main] [INFO] Выбор чая сделан удачно
[Main] [INFO] Кровать выбрана удачно: верхняя
[Main] [INFO] Инициализация Jail
[Main] [INFO] Обед выбран
[Main] [INFO] Инициализация Jail
[Main] [INFO] Обед выбран: Гречку с сосисками
[Main] [INFO] Отобразилось название тюрьмы
[Main] [INFO] Успешно перешел в камеру номер: 1
[Main] [INFO] Вышел в туалет
[Main] [INFO] Вышел для работы
[Main] [INFO] Успешно вышел на улицу
[Main] [INFO] Успешно вышел на улицу
[Main] [INFO] Успешно вышел на улиц[Main] [INFO] Инициализация Jail
[Main] [INFO] Кровать выбрана удачно: верхняя
[Main] [INFO] Кровать выбрана удачно: нижняя
[Main] [INFO] Инициализация Jail
[Main] [INFO] Кровать выбрана удачно: верхняя
